<?xml version="1.0" encoding="UTF-8"?>
<testng-results ignored="0" total="0" passed="0" failed="0" skipped="0">
  <reporter-output>
  </reporter-output>
  <suite started-at="2021-10-06T15:20:28 IST" name="OrangeHRM" finished-at="2021-10-06T15:20:29 IST" duration-ms="1617">
    <groups>
    </groups>
    <test started-at="2021-10-06T15:20:28 IST" name="adminpage" finished-at="2021-10-06T15:20:28 IST" duration-ms="827">
    </test> <!-- adminpage -->
    <test started-at="2021-10-06T15:20:28 IST" name="forgotpage" finished-at="2021-10-06T15:20:29 IST" duration-ms="1617">
    </test> <!-- forgotpage -->
  </suite> <!-- OrangeHRM -->
</testng-results>
